1,en,ShowtimeToMihoLive,1,PushAwardsJaDines,1,YouCanDoAnything,1
2,en,VideoMTV2015,1,ShowtimeToMihoLive,1,MansionElan,1
3,en,MansionElan,4
4,en,books,1,ebooks,1,amwriting,1
5,en,JusticeForProsenjit,1,RashtrapatiBhvn,1,smritiirani,1
6,en,ShowtimeToMihoLive,1,PushAwardsJaDines,1,YouCanDoAnything,1
7,en,VideoMTV2015,1,ShowtimeToMihoLive,1,MansionElan,1
8,en,MansionElan,4
9,en,books,1,ebooks,1,amwriting,1
10,en,JusticeForProsenjit,1,RashtrapatiBhvn,1,smritiirani,1
11,en,ShowtimeToMihoLive,1,PushAwardsJaDines,1,YouCanDoAnything,1
12,en,VideoMTV2015,1,ShowtimeToMihoLive,1,MansionElan,1
13,en,MansionElan,4
14,en,ShowtimeToMihoLive,1,PushAwardsJaDines,1,YouCanDoAnything,1
15,en,VideoMTV2015,1,ShowtimeToMihoLive,1,MansionElan,1
16,en,MansionElan,4
17,en,books,1,ebooks,1,amwriting,1
18,en,JusticeForProsenjit,1,RashtrapatiBhvn,1,smritiirani,1
19,en,ShowtimeToMihoLive,1,PushAwardsJaDines,1,YouCanDoAnything,1
20,en,VideoMTV2015,1,ShowtimeToMihoLive,1,MansionElan,1
21,en,MansionElan,4
22,en,books,1,ebooks,1,amwriting,1
23,en,JusticeForProsenjit,1,RashtrapatiBhvn,1,smritiirani,1
24,en,ShowtimeToMihoLive,1,PushAwardsJaDines,1,YouCanDoAnything,1
25,en,VideoMTV2015,1,ShowtimeToMihoLive,1,MansionElan,1
26,en,MansionElan,4
27,en,books,1,ebooks,1,amwriting,1
28,en,JusticeForProsenjit,1,RashtrapatiBhvn,1,smritiirani,1
29,en,ShowtimeToMihoLive,1,PushAwardsJaDines,1,YouCanDoAnything,1
30,en,VideoMTV2015,1,ShowtimeToMihoLive,1,MansionElan,1
31,en,MansionElan,4
32,en,books,1,ebooks,1,amwriting,1
33,en,JusticeForProsenjit,1,RashtrapatiBhvn,1,smritiirani,1
34,en,ShowtimeToMihoLive,1,PushAwardsJaDines,1,YouCanDoAnything,1
35,en,VideoMTV2015,1,ShowtimeToMihoLive,1,MansionElan,1
36,en,MansionElan,4
